[18:40:50] [main/WARN]: Ambiguity between arguments [teleport, destination] and [teleport, targets] with inputs: [Player, 0123, @e, dd12be42-52a9-4a91-a8a1-11c01849e498]
[18:40:50] [main/WARN]: Ambiguity between arguments [teleport, location] and [teleport, destination] with inputs: [0.1 -0.5 .9, 0 0 0]
[18:40:50] [main/WARN]: Ambiguity between arguments [teleport, location] and [teleport, targets] with inputs: [0.1 -0.5 .9, 0 0 0]
[18:40:50] [main/WARN]: Ambiguity between arguments [teleport, targets] and [teleport, destination] with inputs: [Player, 0123, dd12be42-52a9-4a91-a8a1-11c01849e498]
[18:40:50] [main/WARN]: Ambiguity between arguments [teleport, targets, location] and [teleport, targets, destination] with inputs: [0.1 -0.5 .9, 0 0 0]
[18:40:50] [Server thread/INFO]: Starting minecraft server version 1.14.1
[18:40:50] [Server thread/INFO]: Loading properties
[18:40:50] [Server thread/INFO]: Default game type: SURVIVAL
[18:40:50] [Server thread/INFO]: Generating keypair
[18:40:50] [Server thread/INFO]: Starting Minecraft server on *:25565
[18:40:50] [Server thread/INFO]: Using default channel type
[18:40:52] [Server thread/INFO]: Preparing level "world"
[18:40:52] [Server thread/INFO]: Reloading ResourceManager: Default
[18:40:54] [Server thread/INFO]: Loaded 6 recipes
[18:40:57] [Server thread/INFO]: Loaded 811 advancements
[18:41:03] [Server thread/INFO]: Preparing start region for dimension minecraft:overworld
[18:41:04] [Server-Worker-1/INFO]: Preparing spawn area: 0%
[18:41:04] [Server-Worker-3/INFO]: Preparing spawn area: 0%
[18:41:04] [Server-Worker-1/INFO]: Preparing spawn area: 0%
[18:41:05] [Server-Worker-1/INFO]: Preparing spawn area: 0%
[18:41:05] [Server-Worker-2/INFO]: Preparing spawn area: 0%
[18:41:06] [Server-Worker-2/INFO]: Preparing spawn area: 0%
[18:41:06] [Server-Worker-1/INFO]: Preparing spawn area: 5%
[18:41:07] [Server-Worker-1/INFO]: Preparing spawn area: 5%
[18:41:07] [Server-Worker-1/INFO]: Preparing spawn area: 6%
[18:41:08] [Server-Worker-1/INFO]: Preparing spawn area: 37%
[18:41:08] [Server-Worker-3/INFO]: Preparing spawn area: 46%
[18:41:09] [Server-Worker-3/INFO]: Preparing spawn area: 69%
[18:41:09] [Server-Worker-3/INFO]: Preparing spawn area: 98%
[18:41:10] [Server thread/INFO]: Time elapsed: 6623 ms
[18:41:10] [Server thread/INFO]: Done (18.056s)! For help, type "help"
